{"level":"info","message":"Server running on port 3001","timestamp":"2024-10-24T21:14:04.966Z"}
{"email":"your-real-email@gmail.com","level":"info","message":"Quote submitted successfully","timestamp":"2024-10-24T21:14:14.858Z"}
{"email":"darkhero5656@gmail.com","level":"info","message":"Quote submitted successfully","timestamp":"2024-10-24T21:19:13.919Z"}
{"email":"darkhero5656@gmail.com","level":"info","message":"Quote submitted successfully","timestamp":"2024-10-24T21:43:45.999Z"}
{"email":"darkhero5656@gmail.com","level":"info","message":"Quote submitted successfully","timestamp":"2024-10-24T21:59:34.203Z"}
{"email":"darkhero5656@gmail.com","level":"info","message":"Quote submitted successfully","timestamp":"2024-10-24T22:48:17.679Z"}
{"level":"info","message":"Server running on port 3001","timestamp":"2024-10-24T22:57:30.237Z"}
{"email":"darkhero5656@gmail.com","level":"info","message":"Quote submitted successfully","timestamp":"2024-10-24T22:57:53.020Z"}
{"level":"info","message":"Server running on port 3001","timestamp":"2024-10-26T23:13:04.231Z"}
{"email":"darkhero5656@gmail.com","level":"info","message":"Quote submitted successfully","timestamp":"2024-10-26T23:14:17.047Z"}
{"level":"info","message":"Server running on port 3001","timestamp":"2025-01-04T01:27:36.489Z"}
{"email":"amr@gmail.com","level":"info","message":"Guard application submitted successfully","timestamp":"2025-01-04T01:28:10.012Z"}
{"company":"Amr","email":"amregypt101@gmail.com","level":"info","message":"Company request submitted successfully","timestamp":"2025-01-04T01:31:47.910Z"}
{"level":"info","message":"Server running on port 3001","timestamp":"2025-01-04T01:34:15.372Z"}
{"email":"amregypt101@gmail.com","level":"info","message":"Guard application submitted successfully","timestamp":"2025-01-04T01:35:05.062Z"}
{"level":"info","message":"Server running on port 3001","timestamp":"2025-01-17T20:16:48.794Z"}
{"level":"info","message":"Server running on port 3001","timestamp":"2025-01-17T20:17:55.228Z"}
{"level":"info","message":"Server running on port 3001","timestamp":"2025-01-17T22:39:21.232Z"}
{"email":"amr@gmail.com","level":"info","message":"Guard application submitted successfully","timestamp":"2025-01-17T22:44:59.044Z"}
{"level":"info","message":"Server running on port 3001","timestamp":"2025-01-17T23:05:20.878Z"}
{"level":"info","message":"Server running on port 3001","timestamp":"2025-01-24T19:58:02.656Z"}
{"level":"info","message":"Server running on port 3001","timestamp":"2025-01-24T20:03:10.940Z"}
{"level":"info","message":"Server running on port 3001","timestamp":"2025-01-27T03:18:35.189Z"}
{"level":"info","message":"Server running on port 3001","timestamp":"2025-01-27T03:19:24.206Z"}
{"level":"info","message":"Server running on port 3001","timestamp":"2025-01-27T03:22:33.676Z"}
{"level":"info","message":"Server running on port 3001","timestamp":"2025-01-27T03:24:02.903Z"}
{"level":"info","message":"Server running on port 3001","timestamp":"2025-01-27T03:38:37.052Z"}
{"level":"info","message":"Server running on port 3001","timestamp":"2025-01-27T03:40:13.001Z"}
{"error":"createTransporter is not defined","level":"error","message":"Error:","method":"POST","path":"/api/submit-guard","stack":"ReferenceError: createTransporter is not defined\n    at C:\\Users\\Temp\\quote-backend\\server.js:129:29\n    at Layer.handle [as handle_request] (C:\\Users\\Temp\\quote-backend\\node_modules\\express\\lib\\router\\layer.js:95:5)\n    at next (C:\\Users\\Temp\\quote-backend\\node_modules\\express\\lib\\router\\route.js:149:13)\n    at middleware (C:\\Users\\Temp\\quote-backend\\node_modules\\express-validator\\lib\\middlewares\\check.js:16:13)\n    at process.processTicksAndRejections (node:internal/process/task_queues:95:5)","timestamp":"2025-01-27T03:40:14.856Z"}
{"level":"info","message":"Server running on port 3001","timestamp":"2025-01-27T03:44:16.754Z"}
{"email":"amrabdelwahed00@gmail.com","level":"info","message":"Guard application submitted successfully","timestamp":"2025-01-27T03:44:21.406Z"}
{"level":"info","message":"Server running on port 3001","timestamp":"2025-01-27T03:45:03.935Z"}
{"email":"amr@gmail.com","level":"info","message":"Guard application submitted successfully","timestamp":"2025-01-27T03:45:22.476Z"}
{"level":"info","message":"Server running on port 3001","timestamp":"2025-06-01T00:31:32.870Z"}
{"level":"info","message":"Available endpoints:","timestamp":"2025-06-01T00:31:32.871Z"}
{"level":"info","message":"  POST /api/submit-construction-worker","timestamp":"2025-06-01T00:31:32.872Z"}
{"level":"info","message":"  POST /api/submit-company","timestamp":"2025-06-01T00:31:32.872Z"}
{"level":"info","message":"  GET  /api/health","timestamp":"2025-06-01T00:31:32.872Z"}
{"level":"info","message":"Server running on port 3001","timestamp":"2025-06-01T00:32:22.295Z"}
{"level":"info","message":"Available endpoints:","timestamp":"2025-06-01T00:32:22.297Z"}
{"level":"info","message":"  POST /api/submit-construction-worker","timestamp":"2025-06-01T00:32:22.297Z"}
{"level":"info","message":"  POST /api/submit-company","timestamp":"2025-06-01T00:32:22.297Z"}
{"level":"info","message":"  GET  /api/health","timestamp":"2025-06-01T00:32:22.297Z"}
{"error":"Invalid login: 535 5.7.8 Error: authentication failed: (reason unavailable)","level":"error","message":"Error:","method":"POST","path":"/api/submit-construction-worker","stack":"Error: Invalid login: 535 5.7.8 Error: authentication failed: (reason unavailable)\n    at SMTPConnection._formatError (C:\\Users\\Amr\\github-projects\\ConstructionArmor-backend\\node_modules\\nodemailer\\lib\\smtp-connection\\index.js:807:19)\n    at SMTPConnection._actionAUTHComplete (C:\\Users\\Amr\\github-projects\\ConstructionArmor-backend\\node_modules\\nodemailer\\lib\\smtp-connection\\index.js:1586:34)\n    at SMTPConnection.<anonymous> (C:\\Users\\Amr\\github-projects\\ConstructionArmor-backend\\node_modules\\nodemailer\\lib\\smtp-connection\\index.js:554:26)\n    at SMTPConnection._processResponse (C:\\Users\\Amr\\github-projects\\ConstructionArmor-backend\\node_modules\\nodemailer\\lib\\smtp-connection\\index.js:991:20)\n    at SMTPConnection._onData (C:\\Users\\Amr\\github-projects\\ConstructionArmor-backend\\node_modules\\nodemailer\\lib\\smtp-connection\\index.js:772:14)\n    at SMTPConnection._onSocketData (C:\\Users\\Amr\\github-projects\\ConstructionArmor-backend\\node_modules\\nodemailer\\lib\\smtp-connection\\index.js:195:44)\n    at TLSSocket.emit (node:events:519:28)\n    at addChunk (node:internal/streams/readable:559:12)\n    at readableAddChunkPushByteMode (node:internal/streams/readable:510:3)\n    at Readable.push (node:internal/streams/readable:390:5)","timestamp":"2025-06-01T00:33:31.358Z"}
{"error":"Invalid login: 535 5.7.8 Error: authentication failed: (reason unavailable)","level":"error","message":"Error:","method":"POST","path":"/api/submit-construction-worker","stack":"Error: Invalid login: 535 5.7.8 Error: authentication failed: (reason unavailable)\n    at SMTPConnection._formatError (C:\\Users\\Amr\\github-projects\\ConstructionArmor-backend\\node_modules\\nodemailer\\lib\\smtp-connection\\index.js:807:19)\n    at SMTPConnection._actionAUTHComplete (C:\\Users\\Amr\\github-projects\\ConstructionArmor-backend\\node_modules\\nodemailer\\lib\\smtp-connection\\index.js:1586:34)\n    at SMTPConnection.<anonymous> (C:\\Users\\Amr\\github-projects\\ConstructionArmor-backend\\node_modules\\nodemailer\\lib\\smtp-connection\\index.js:554:26)\n    at SMTPConnection._processResponse (C:\\Users\\Amr\\github-projects\\ConstructionArmor-backend\\node_modules\\nodemailer\\lib\\smtp-connection\\index.js:991:20)\n    at SMTPConnection._onData (C:\\Users\\Amr\\github-projects\\ConstructionArmor-backend\\node_modules\\nodemailer\\lib\\smtp-connection\\index.js:772:14)\n    at SMTPConnection._onSocketData (C:\\Users\\Amr\\github-projects\\ConstructionArmor-backend\\node_modules\\nodemailer\\lib\\smtp-connection\\index.js:195:44)\n    at TLSSocket.emit (node:events:519:28)\n    at addChunk (node:internal/streams/readable:559:12)\n    at readableAddChunkPushByteMode (node:internal/streams/readable:510:3)\n    at Readable.push (node:internal/streams/readable:390:5)","timestamp":"2025-06-01T00:35:54.553Z"}
{"level":"info","message":"Server running on port 3001","timestamp":"2025-06-01T00:42:39.643Z"}
{"level":"info","message":"Available endpoints:","timestamp":"2025-06-01T00:42:39.645Z"}
{"level":"info","message":"  POST /api/submit-construction-worker","timestamp":"2025-06-01T00:42:39.645Z"}
{"level":"info","message":"  POST /api/submit-company","timestamp":"2025-06-01T00:42:39.645Z"}
{"level":"info","message":"  GET  /api/health","timestamp":"2025-06-01T00:42:39.645Z"}
{"email":"amrabdelwahed00@gmail.com","level":"info","message":"Construction worker application submitted successfully","name":"test test","specialty":"Sidewalk Finisher","timestamp":"2025-06-01T00:42:54.472Z"}
